2021-03-20 01:03:59,462:INFO:Initializing load_model()
2021-03-20 01:03:59,462:INFO:load_model(model_name=deployment_28042020, platform=None, authentication=None, verbose=True)
2021-03-20 01:04:29,846:INFO:PyCaret Supervised Module
2021-03-20 01:04:29,846:INFO:ML Usecase: regression
2021-03-20 01:04:29,846:INFO:version 2.3.0
2021-03-20 01:04:29,846:INFO:Initializing setup()
2021-03-20 01:04:29,846:INFO:setup(target=charges, ml_usecase=regression, available_plots={'parameter': 'Hyperparameters', 'residuals': 'Residuals', 'error': 'Prediction Error', 'cooks': 'Cooks Distance', 'rfe': 'Feature Selection', 'learning': 'Learning Curve', 'manifold': 'Manifold Learning', 'vc': 'Validation Curve', 'feature': 'Feature Importance', 'feature_all': 'Feature Importance (All)', 'tree': 'Decision Tree', 'residuals_interactive': 'Interactive Residuals'}, train_size=0.7, test_data=None, preprocess=True, imputation_type=simple, iterative_imputation_iters=5, categorical_features=None, categorical_imputation=constant, categorical_iterative_imputer=lightgbm, ordinal_features=None, high_cardinality_features=None, high_cardinality_method=frequency, numeric_features=None, numeric_imputation=mean, numeric_iterative_imputer=lightgbm, date_features=None, ignore_features=None, normalize=False, normalize_method=zscore, transformation=False, transformation_method=yeo-johnson, handle_unknown_categorical=True, unknown_categorical_method=least_frequent, pca=False, pca_method=linear, pca_components=None, ignore_low_variance=False, combine_rare_levels=False, rare_level_threshold=0.1, bin_numeric_features=None, remove_outliers=False, outliers_threshold=0.05, remove_multicollinearity=False, multicollinearity_threshold=0.9, remove_perfect_collinearity=True, create_clusters=False, cluster_iter=20, polynomial_features=False, polynomial_degree=2, trigonometry_features=False, polynomial_threshold=0.1, group_features=None, group_names=None, feature_selection=False, feature_selection_threshold=0.8, feature_selection_method=classic, feature_interaction=False, feature_ratio=False, interaction_threshold=0.01, fix_imbalance=False, fix_imbalance_method=None, transform_target=False, transform_target_method=box-cox, data_split_shuffle=True, data_split_stratify=False, fold_strategy=kfold, fold=10, fold_shuffle=False, fold_groups=None, n_jobs=-1, use_gpu=False, custom_pipeline=None, html=True, session_id=123, log_experiment=False, experiment_name=None, log_plots=False, log_profile=False, log_data=False, silent=False, verbose=True, profile=False, profile_kwargs=None, display=None)
2021-03-20 01:04:29,846:INFO:Checking environment
2021-03-20 01:04:29,846:INFO:python_version: 3.8.3
2021-03-20 01:04:29,846:INFO:python_build: ('default', 'Jul  2 2020 17:30:36')
2021-03-20 01:04:29,846:INFO:machine: AMD64
2021-03-20 01:04:29,846:INFO:platform: Windows-10-10.0.19041-SP0
2021-03-20 01:04:29,846:INFO:Memory: svmem(total=8341983232, available=1601110016, percent=80.8, used=6740873216, free=1601110016)
2021-03-20 01:04:29,846:INFO:Physical Core: 4
2021-03-20 01:04:29,846:INFO:Logical Core: 8
2021-03-20 01:04:29,846:INFO:Checking libraries
2021-03-20 01:04:29,846:INFO:pd==1.0.5
2021-03-20 01:04:29,846:INFO:numpy==1.19.5
2021-03-20 01:04:29,846:INFO:sklearn==0.23.2
2021-03-20 01:04:29,846:INFO:lightgbm==3.1.1
2021-03-20 01:04:29,854:WARNING:catboost not found
2021-03-20 01:04:29,854:WARNING:xgboost not found
2021-03-20 01:04:30,483:INFO:mlflow==1.14.1
2021-03-20 01:04:30,483:INFO:Checking Exceptions
2021-03-20 01:04:30,491:INFO:Declaring global variables
2021-03-20 01:04:30,491:INFO:USI: 673b
2021-03-20 01:04:30,491:INFO:pycaret_globals: {'pycaret_globals', 'fix_imbalance_method_param', '_all_models_internal', 'target_param', 'X', 'fold_param', 'master_model_container', 'USI', '_all_models', '_ml_usecase', 'experiment__', 'n_jobs_param', 'log_plots_param', 'data_before_preprocess', 'logging_param', '_all_metrics', 'stratify_param', 'fold_generator', '_internal_pipeline', 'create_model_container', 'y_train', 'seed', 'gpu_param', 'X_train', 'fix_imbalance_param', 'y_test', 'imputation_classifier', 'fold_groups_param', 'fold_shuffle_param', '_gpu_n_jobs_param', 'prep_pipe', 'exp_name_log', 'transform_target_param', 'transform_target_method_param', 'imputation_regressor', 'y', 'display_container', 'html_param', 'iterative_imputation_iters_param', '_available_plots', 'X_test'}
2021-03-20 01:04:30,491:INFO:Preparing display monitor
2021-03-20 01:04:30,491:INFO:Preparing display monitor
2021-03-20 01:04:30,507:INFO:Importing libraries
2021-03-20 01:04:30,507:INFO:Copying data for preprocessing
2021-03-20 01:04:30,515:INFO:Declaring preprocessing parameters
2021-03-20 01:04:30,523:INFO:Creating preprocessing pipeline
2021-03-20 01:04:30,531:INFO:Preprocessing pipeline created successfully
2021-03-20 01:04:30,531:ERROR:(Process Exit): setup has been interupted with user command 'quit'. setup must rerun.
2021-03-20 01:04:30,531:INFO:Creating global containers
2021-03-20 01:04:30,531:INFO:Internal pipeline: Pipeline(memory=None, steps=[('empty_step', 'passthrough')], verbose=False)
2021-03-20 01:08:18,619:INFO:Initializing load_model()
2021-03-20 01:08:18,619:INFO:load_model(model_name=deployment_28042020, platform=None, authentication=None, verbose=True)
2021-03-20 01:08:23,037:INFO:Initializing load_model()
2021-03-20 01:08:23,037:INFO:load_model(model_name=deployment_28042020, platform=None, authentication=None, verbose=True)
2021-03-20 01:08:39,478:INFO:Initializing load_model()
2021-03-20 01:08:39,478:INFO:load_model(model_name=deployment_28042020, platform=None, authentication=None, verbose=True)
2021-03-20 01:12:22,835:INFO:Initializing load_model()
2021-03-20 01:12:22,835:INFO:load_model(model_name=deployment_28042020, platform=None, authentication=None, verbose=True)
2021-03-20 01:13:45,833:INFO:Initializing predict_model()
2021-03-20 01:13:45,833:INFO:predict_model(estimator=Pipeline(steps=[('dtypes',
                 DataTypes_Auto_infer(ml_usecase='regression',
                                      target='charges')),
                ('imputer',
                 Simple_Imputer(categorical_strategy='not_available',
                                fill_value_categorical=None,
                                fill_value_numerical=None,
                                numeric_strategy='mean',
                                target_variable=None)),
                ('new_levels1',
                 New_Catagorical_Levels_in_TestData(replacement_strategy='least '
                                                                         'frequent',
                                                    target=...
                ('binn', 'passthrough'), ('rem_outliers', 'passthrough'),
                ('cluster_all', 'passthrough'),
                ('dummy', Dummify(target='charges')),
                ('fix_perfect', Remove_100(target='charges')),
                ('clean_names', Clean_Colum_Names()),
                ('feature_select', 'passthrough'), ('fix_multi', 'passthrough'),
                ('dfs', 'passthrough'), ('pca', 'passthrough'),
                ['trained_model', LinearRegression(n_jobs=-1)]]), probability_threshold=None, encoded_labels=True, raw_score=False, round=0, verbose=True, ml_usecase=MLUsecase.REGRESSION, display=None)
2021-03-20 01:13:45,833:INFO:Checking exceptions
2021-03-20 01:13:45,833:INFO:Preloading libraries
2021-03-20 01:13:51,778:INFO:Initializing load_model()
2021-03-20 01:13:51,779:INFO:load_model(model_name=deployment_28042020, platform=None, authentication=None, verbose=True)
2021-03-20 01:15:28,084:INFO:Initializing predict_model()
2021-03-20 01:15:28,084:INFO:predict_model(estimator=Pipeline(steps=[('dtypes',
                 DataTypes_Auto_infer(ml_usecase='regression',
                                      target='charges')),
                ('imputer',
                 Simple_Imputer(categorical_strategy='not_available',
                                fill_value_categorical=None,
                                fill_value_numerical=None,
                                numeric_strategy='mean',
                                target_variable=None)),
                ('new_levels1',
                 New_Catagorical_Levels_in_TestData(replacement_strategy='least '
                                                                         'frequent',
                                                    target=...
                ('binn', 'passthrough'), ('rem_outliers', 'passthrough'),
                ('cluster_all', 'passthrough'),
                ('dummy', Dummify(target='charges')),
                ('fix_perfect', Remove_100(target='charges')),
                ('clean_names', Clean_Colum_Names()),
                ('feature_select', 'passthrough'), ('fix_multi', 'passthrough'),
                ('dfs', 'passthrough'), ('pca', 'passthrough'),
                ['trained_model', LinearRegression(n_jobs=-1)]]), probability_threshold=None, encoded_labels=True, raw_score=False, round=0, verbose=True, ml_usecase=MLUsecase.REGRESSION, display=None)
2021-03-20 01:15:28,084:INFO:Checking exceptions
2021-03-20 01:15:28,084:INFO:Preloading libraries
2021-03-20 01:15:41,149:INFO:Initializing predict_model()
2021-03-20 01:15:41,149:INFO:predict_model(estimator=Pipeline(steps=[('dtypes',
                 DataTypes_Auto_infer(ml_usecase='regression',
                                      target='charges')),
                ('imputer',
                 Simple_Imputer(categorical_strategy='not_available',
                                fill_value_categorical=None,
                                fill_value_numerical=None,
                                numeric_strategy='mean',
                                target_variable=None)),
                ('new_levels1',
                 New_Catagorical_Levels_in_TestData(replacement_strategy='least '
                                                                         'frequent',
                                                    target=...
                ('binn', 'passthrough'), ('rem_outliers', 'passthrough'),
                ('cluster_all', 'passthrough'),
                ('dummy', Dummify(target='charges')),
                ('fix_perfect', Remove_100(target='charges')),
                ('clean_names', Clean_Colum_Names()),
                ('feature_select', 'passthrough'), ('fix_multi', 'passthrough'),
                ('dfs', 'passthrough'), ('pca', 'passthrough'),
                ['trained_model', LinearRegression(n_jobs=-1)]]), probability_threshold=None, encoded_labels=True, raw_score=False, round=0, verbose=True, ml_usecase=MLUsecase.REGRESSION, display=None)
2021-03-20 01:15:41,149:INFO:Checking exceptions
2021-03-20 01:15:41,149:INFO:Preloading libraries
2021-03-20 01:20:26,165:INFO:Initializing predict_model()
2021-03-20 01:20:26,165:INFO:predict_model(estimator=Pipeline(steps=[('dtypes',
                 DataTypes_Auto_infer(ml_usecase='regression',
                                      target='charges')),
                ('imputer',
                 Simple_Imputer(categorical_strategy='not_available',
                                fill_value_categorical=None,
                                fill_value_numerical=None,
                                numeric_strategy='mean',
                                target_variable=None)),
                ('new_levels1',
                 New_Catagorical_Levels_in_TestData(replacement_strategy='least '
                                                                         'frequent',
                                                    target=...
                ('binn', 'passthrough'), ('rem_outliers', 'passthrough'),
                ('cluster_all', 'passthrough'),
                ('dummy', Dummify(target='charges')),
                ('fix_perfect', Remove_100(target='charges')),
                ('clean_names', Clean_Colum_Names()),
                ('feature_select', 'passthrough'), ('fix_multi', 'passthrough'),
                ('dfs', 'passthrough'), ('pca', 'passthrough'),
                ['trained_model', LinearRegression(n_jobs=-1)]]), probability_threshold=None, encoded_labels=True, raw_score=False, round=0, verbose=True, ml_usecase=MLUsecase.REGRESSION, display=None)
2021-03-20 01:20:26,165:INFO:Checking exceptions
2021-03-20 01:20:26,165:INFO:Preloading libraries
2021-03-20 01:20:37,218:INFO:Initializing predict_model()
2021-03-20 01:20:37,218:INFO:predict_model(estimator=Pipeline(steps=[('dtypes',
                 DataTypes_Auto_infer(ml_usecase='regression',
                                      target='charges')),
                ('imputer',
                 Simple_Imputer(categorical_strategy='not_available',
                                fill_value_categorical=None,
                                fill_value_numerical=None,
                                numeric_strategy='mean',
                                target_variable=None)),
                ('new_levels1',
                 New_Catagorical_Levels_in_TestData(replacement_strategy='least '
                                                                         'frequent',
                                                    target=...
                ('binn', 'passthrough'), ('rem_outliers', 'passthrough'),
                ('cluster_all', 'passthrough'),
                ('dummy', Dummify(target='charges')),
                ('fix_perfect', Remove_100(target='charges')),
                ('clean_names', Clean_Colum_Names()),
                ('feature_select', 'passthrough'), ('fix_multi', 'passthrough'),
                ('dfs', 'passthrough'), ('pca', 'passthrough'),
                ['trained_model', LinearRegression(n_jobs=-1)]]), probability_threshold=None, encoded_labels=True, raw_score=False, round=0, verbose=True, ml_usecase=MLUsecase.REGRESSION, display=None)
2021-03-20 01:20:37,225:INFO:Checking exceptions
2021-03-20 01:20:37,225:INFO:Preloading libraries
2021-03-20 01:21:50,193:INFO:Initializing predict_model()
2021-03-20 01:21:50,193:INFO:predict_model(estimator=Pipeline(steps=[('dtypes',
                 DataTypes_Auto_infer(ml_usecase='regression',
                                      target='charges')),
                ('imputer',
                 Simple_Imputer(categorical_strategy='not_available',
                                fill_value_categorical=None,
                                fill_value_numerical=None,
                                numeric_strategy='mean',
                                target_variable=None)),
                ('new_levels1',
                 New_Catagorical_Levels_in_TestData(replacement_strategy='least '
                                                                         'frequent',
                                                    target=...
                ('binn', 'passthrough'), ('rem_outliers', 'passthrough'),
                ('cluster_all', 'passthrough'),
                ('dummy', Dummify(target='charges')),
                ('fix_perfect', Remove_100(target='charges')),
                ('clean_names', Clean_Colum_Names()),
                ('feature_select', 'passthrough'), ('fix_multi', 'passthrough'),
                ('dfs', 'passthrough'), ('pca', 'passthrough'),
                ['trained_model', LinearRegression(n_jobs=-1)]]), probability_threshold=None, encoded_labels=True, raw_score=False, round=0, verbose=True, ml_usecase=MLUsecase.REGRESSION, display=None)
2021-03-20 01:21:50,193:INFO:Checking exceptions
2021-03-20 01:21:50,193:INFO:Preloading libraries
2021-03-20 01:25:47,081:INFO:Initializing predict_model()
2021-03-20 01:25:47,081:INFO:predict_model(estimator=Pipeline(steps=[('dtypes',
                 DataTypes_Auto_infer(ml_usecase='regression',
                                      target='charges')),
                ('imputer',
                 Simple_Imputer(categorical_strategy='not_available',
                                fill_value_categorical=None,
                                fill_value_numerical=None,
                                numeric_strategy='mean',
                                target_variable=None)),
                ('new_levels1',
                 New_Catagorical_Levels_in_TestData(replacement_strategy='least '
                                                                         'frequent',
                                                    target=...
                ('binn', 'passthrough'), ('rem_outliers', 'passthrough'),
                ('cluster_all', 'passthrough'),
                ('dummy', Dummify(target='charges')),
                ('fix_perfect', Remove_100(target='charges')),
                ('clean_names', Clean_Colum_Names()),
                ('feature_select', 'passthrough'), ('fix_multi', 'passthrough'),
                ('dfs', 'passthrough'), ('pca', 'passthrough'),
                ['trained_model', LinearRegression(n_jobs=-1)]]), probability_threshold=None, encoded_labels=True, raw_score=False, round=0, verbose=True, ml_usecase=MLUsecase.REGRESSION, display=None)
2021-03-20 01:25:47,081:INFO:Checking exceptions
2021-03-20 01:25:47,081:INFO:Preloading libraries
2021-03-20 01:26:02,370:INFO:Initializing load_model()
2021-03-20 01:26:02,370:INFO:load_model(model_name=deployment_28042020, platform=None, authentication=None, verbose=True)
2021-03-20 01:26:25,372:INFO:Initializing load_model()
2021-03-20 01:26:25,372:INFO:load_model(model_name=deployment_28042020, platform=None, authentication=None, verbose=True)
2021-03-20 01:38:52,575:INFO:Initializing load_model()
2021-03-20 01:38:52,575:INFO:load_model(model_name=deployment_28042020, platform=None, authentication=None, verbose=True)
2021-03-20 01:38:57,920:INFO:Initializing load_model()
2021-03-20 01:38:57,920:INFO:load_model(model_name=deployment_28042020, platform=None, authentication=None, verbose=True)
2021-03-20 01:45:17,111:INFO:Initializing load_model()
2021-03-20 01:45:17,111:INFO:load_model(model_name=deployment_28042020, platform=None, authentication=None, verbose=True)
2021-03-20 01:45:24,099:INFO:Initializing load_model()
2021-03-20 01:45:24,099:INFO:load_model(model_name=deployment_28042020, platform=None, authentication=None, verbose=True)
2021-03-20 01:48:11,749:INFO:Initializing predict_model()
2021-03-20 01:48:11,757:INFO:predict_model(estimator=Pipeline(steps=[('dtypes',
                 DataTypes_Auto_infer(ml_usecase='regression',
                                      target='charges')),
                ('imputer',
                 Simple_Imputer(categorical_strategy='not_available',
                                fill_value_categorical=None,
                                fill_value_numerical=None,
                                numeric_strategy='mean',
                                target_variable=None)),
                ('new_levels1',
                 New_Catagorical_Levels_in_TestData(replacement_strategy='least '
                                                                         'frequent',
                                                    target=...
                ('binn', 'passthrough'), ('rem_outliers', 'passthrough'),
                ('cluster_all', 'passthrough'),
                ('dummy', Dummify(target='charges')),
                ('fix_perfect', Remove_100(target='charges')),
                ('clean_names', Clean_Colum_Names()),
                ('feature_select', 'passthrough'), ('fix_multi', 'passthrough'),
                ('dfs', 'passthrough'), ('pca', 'passthrough'),
                ['trained_model', LinearRegression(n_jobs=-1)]]), probability_threshold=None, encoded_labels=True, raw_score=False, round=0, verbose=True, ml_usecase=MLUsecase.REGRESSION, display=None)
2021-03-20 01:48:11,757:INFO:Checking exceptions
2021-03-20 01:48:11,757:INFO:Preloading libraries
2021-03-20 01:48:21,052:INFO:Initializing load_model()
2021-03-20 01:48:21,052:INFO:load_model(model_name=deployment_28042020, platform=None, authentication=None, verbose=True)
2021-03-20 01:48:39,765:INFO:Initializing predict_model()
2021-03-20 01:48:39,765:INFO:predict_model(estimator=Pipeline(steps=[('dtypes',
                 DataTypes_Auto_infer(ml_usecase='regression',
                                      target='charges')),
                ('imputer',
                 Simple_Imputer(categorical_strategy='not_available',
                                fill_value_categorical=None,
                                fill_value_numerical=None,
                                numeric_strategy='mean',
                                target_variable=None)),
                ('new_levels1',
                 New_Catagorical_Levels_in_TestData(replacement_strategy='least '
                                                                         'frequent',
                                                    target=...
                ('binn', 'passthrough'), ('rem_outliers', 'passthrough'),
                ('cluster_all', 'passthrough'),
                ('dummy', Dummify(target='charges')),
                ('fix_perfect', Remove_100(target='charges')),
                ('clean_names', Clean_Colum_Names()),
                ('feature_select', 'passthrough'), ('fix_multi', 'passthrough'),
                ('dfs', 'passthrough'), ('pca', 'passthrough'),
                ['trained_model', LinearRegression(n_jobs=-1)]]), probability_threshold=None, encoded_labels=True, raw_score=False, round=0, verbose=True, ml_usecase=MLUsecase.REGRESSION, display=None)
2021-03-20 01:48:39,765:INFO:Checking exceptions
2021-03-20 01:48:39,765:INFO:Preloading libraries
2021-03-20 01:49:36,125:INFO:Initializing predict_model()
2021-03-20 01:49:36,125:INFO:predict_model(estimator=Pipeline(steps=[('dtypes',
                 DataTypes_Auto_infer(ml_usecase='regression',
                                      target='charges')),
                ('imputer',
                 Simple_Imputer(categorical_strategy='not_available',
                                fill_value_categorical=None,
                                fill_value_numerical=None,
                                numeric_strategy='mean',
                                target_variable=None)),
                ('new_levels1',
                 New_Catagorical_Levels_in_TestData(replacement_strategy='least '
                                                                         'frequent',
                                                    target=...
                ('binn', 'passthrough'), ('rem_outliers', 'passthrough'),
                ('cluster_all', 'passthrough'),
                ('dummy', Dummify(target='charges')),
                ('fix_perfect', Remove_100(target='charges')),
                ('clean_names', Clean_Colum_Names()),
                ('feature_select', 'passthrough'), ('fix_multi', 'passthrough'),
                ('dfs', 'passthrough'), ('pca', 'passthrough'),
                ['trained_model', LinearRegression(n_jobs=-1)]]), probability_threshold=None, encoded_labels=True, raw_score=False, round=0, verbose=True, ml_usecase=MLUsecase.REGRESSION, display=None)
2021-03-20 01:49:36,125:INFO:Checking exceptions
2021-03-20 01:49:36,125:INFO:Preloading libraries
2021-03-20 01:51:59,382:INFO:Initializing load_model()
2021-03-20 01:51:59,382:INFO:load_model(model_name=deployment_28042020, platform=None, authentication=None, verbose=True)
2021-03-20 02:07:11,289:INFO:Initializing load_model()
2021-03-20 02:07:11,289:INFO:load_model(model_name=deployment_28042020, platform=None, authentication=None, verbose=True)
2021-03-20 02:07:54,982:INFO:Initializing predict_model()
2021-03-20 02:07:54,983:INFO:predict_model(estimator=Pipeline(steps=[('dtypes',
                 DataTypes_Auto_infer(ml_usecase='regression',
                                      target='charges')),
                ('imputer',
                 Simple_Imputer(categorical_strategy='not_available',
                                fill_value_categorical=None,
                                fill_value_numerical=None,
                                numeric_strategy='mean',
                                target_variable=None)),
                ('new_levels1',
                 New_Catagorical_Levels_in_TestData(replacement_strategy='least '
                                                                         'frequent',
                                                    target=...
                ('binn', 'passthrough'), ('rem_outliers', 'passthrough'),
                ('cluster_all', 'passthrough'),
                ('dummy', Dummify(target='charges')),
                ('fix_perfect', Remove_100(target='charges')),
                ('clean_names', Clean_Colum_Names()),
                ('feature_select', 'passthrough'), ('fix_multi', 'passthrough'),
                ('dfs', 'passthrough'), ('pca', 'passthrough'),
                ['trained_model', LinearRegression(n_jobs=-1)]]), probability_threshold=None, encoded_labels=True, raw_score=False, round=0, verbose=True, ml_usecase=MLUsecase.REGRESSION, display=None)
2021-03-20 02:07:54,983:INFO:Checking exceptions
2021-03-20 02:07:54,983:INFO:Preloading libraries
2021-03-20 02:07:59,064:INFO:Initializing load_model()
2021-03-20 02:07:59,064:INFO:load_model(model_name=deployment_28042020, platform=None, authentication=None, verbose=True)
2021-03-20 02:08:13,076:INFO:Initializing predict_model()
2021-03-20 02:08:13,076:INFO:predict_model(estimator=Pipeline(steps=[('dtypes',
                 DataTypes_Auto_infer(ml_usecase='regression',
                                      target='charges')),
                ('imputer',
                 Simple_Imputer(categorical_strategy='not_available',
                                fill_value_categorical=None,
                                fill_value_numerical=None,
                                numeric_strategy='mean',
                                target_variable=None)),
                ('new_levels1',
                 New_Catagorical_Levels_in_TestData(replacement_strategy='least '
                                                                         'frequent',
                                                    target=...
                ('binn', 'passthrough'), ('rem_outliers', 'passthrough'),
                ('cluster_all', 'passthrough'),
                ('dummy', Dummify(target='charges')),
                ('fix_perfect', Remove_100(target='charges')),
                ('clean_names', Clean_Colum_Names()),
                ('feature_select', 'passthrough'), ('fix_multi', 'passthrough'),
                ('dfs', 'passthrough'), ('pca', 'passthrough'),
                ['trained_model', LinearRegression(n_jobs=-1)]]), probability_threshold=None, encoded_labels=True, raw_score=False, round=0, verbose=True, ml_usecase=MLUsecase.REGRESSION, display=None)
2021-03-20 02:08:13,077:INFO:Checking exceptions
2021-03-20 02:08:13,077:INFO:Preloading libraries
2021-03-20 02:08:26,609:INFO:Initializing predict_model()
2021-03-20 02:08:26,609:INFO:predict_model(estimator=Pipeline(steps=[('dtypes',
                 DataTypes_Auto_infer(ml_usecase='regression',
                                      target='charges')),
                ('imputer',
                 Simple_Imputer(categorical_strategy='not_available',
                                fill_value_categorical=None,
                                fill_value_numerical=None,
                                numeric_strategy='mean',
                                target_variable=None)),
                ('new_levels1',
                 New_Catagorical_Levels_in_TestData(replacement_strategy='least '
                                                                         'frequent',
                                                    target=...
                ('binn', 'passthrough'), ('rem_outliers', 'passthrough'),
                ('cluster_all', 'passthrough'),
                ('dummy', Dummify(target='charges')),
                ('fix_perfect', Remove_100(target='charges')),
                ('clean_names', Clean_Colum_Names()),
                ('feature_select', 'passthrough'), ('fix_multi', 'passthrough'),
                ('dfs', 'passthrough'), ('pca', 'passthrough'),
                ['trained_model', LinearRegression(n_jobs=-1)]]), probability_threshold=None, encoded_labels=True, raw_score=False, round=0, verbose=True, ml_usecase=MLUsecase.REGRESSION, display=None)
2021-03-20 02:08:26,609:INFO:Checking exceptions
2021-03-20 02:08:26,610:INFO:Preloading libraries
2021-03-20 02:09:08,583:INFO:Initializing predict_model()
2021-03-20 02:09:08,584:INFO:predict_model(estimator=Pipeline(steps=[('dtypes',
                 DataTypes_Auto_infer(ml_usecase='regression',
                                      target='charges')),
                ('imputer',
                 Simple_Imputer(categorical_strategy='not_available',
                                fill_value_categorical=None,
                                fill_value_numerical=None,
                                numeric_strategy='mean',
                                target_variable=None)),
                ('new_levels1',
                 New_Catagorical_Levels_in_TestData(replacement_strategy='least '
                                                                         'frequent',
                                                    target=...
                ('binn', 'passthrough'), ('rem_outliers', 'passthrough'),
                ('cluster_all', 'passthrough'),
                ('dummy', Dummify(target='charges')),
                ('fix_perfect', Remove_100(target='charges')),
                ('clean_names', Clean_Colum_Names()),
                ('feature_select', 'passthrough'), ('fix_multi', 'passthrough'),
                ('dfs', 'passthrough'), ('pca', 'passthrough'),
                ['trained_model', LinearRegression(n_jobs=-1)]]), probability_threshold=None, encoded_labels=True, raw_score=False, round=0, verbose=True, ml_usecase=MLUsecase.REGRESSION, display=None)
2021-03-20 02:09:08,584:INFO:Checking exceptions
2021-03-20 02:09:08,584:INFO:Preloading libraries
2021-03-20 02:10:06,376:INFO:Initializing predict_model()
2021-03-20 02:10:06,376:INFO:predict_model(estimator=Pipeline(steps=[('dtypes',
                 DataTypes_Auto_infer(ml_usecase='regression',
                                      target='charges')),
                ('imputer',
                 Simple_Imputer(categorical_strategy='not_available',
                                fill_value_categorical=None,
                                fill_value_numerical=None,
                                numeric_strategy='mean',
                                target_variable=None)),
                ('new_levels1',
                 New_Catagorical_Levels_in_TestData(replacement_strategy='least '
                                                                         'frequent',
                                                    target=...
                ('binn', 'passthrough'), ('rem_outliers', 'passthrough'),
                ('cluster_all', 'passthrough'),
                ('dummy', Dummify(target='charges')),
                ('fix_perfect', Remove_100(target='charges')),
                ('clean_names', Clean_Colum_Names()),
                ('feature_select', 'passthrough'), ('fix_multi', 'passthrough'),
                ('dfs', 'passthrough'), ('pca', 'passthrough'),
                ['trained_model', LinearRegression(n_jobs=-1)]]), probability_threshold=None, encoded_labels=True, raw_score=False, round=0, verbose=True, ml_usecase=MLUsecase.REGRESSION, display=None)
2021-03-20 02:10:06,377:INFO:Checking exceptions
2021-03-20 02:10:06,377:INFO:Preloading libraries
2021-03-20 02:13:13,980:INFO:Initializing load_model()
2021-03-20 02:13:13,980:INFO:load_model(model_name=deployment_28042020, platform=None, authentication=None, verbose=True)
2021-03-20 02:22:55,196:INFO:Initializing load_model()
2021-03-20 02:22:55,196:INFO:load_model(model_name=deployment_28042020, platform=None, authentication=None, verbose=True)
2021-03-20 02:26:07,402:INFO:Initializing load_model()
2021-03-20 02:26:07,402:INFO:load_model(model_name=deployment_28042020, platform=None, authentication=None, verbose=True)
2021-03-20 02:26:17,506:INFO:Initializing load_model()
2021-03-20 02:26:17,506:INFO:load_model(model_name=deployment_28042020, platform=None, authentication=None, verbose=True)
2021-03-20 02:26:33,843:INFO:Initializing load_model()
2021-03-20 02:26:33,843:INFO:load_model(model_name=deployment_28042020, platform=None, authentication=None, verbose=True)
2021-03-20 02:26:57,756:INFO:Initializing load_model()
2021-03-20 02:26:57,756:INFO:load_model(model_name=deployment_28042020, platform=None, authentication=None, verbose=True)
